[debug] [2024-04-07T05:17:47.735Z] ----------------------------------------------------------------------
[debug] [2024-04-07T05:17:47.737Z] Command:       /usr/local/bin/node /usr/local/bin/firebase init
[debug] [2024-04-07T05:17:47.737Z] CLI Version:   13.7.1
[debug] [2024-04-07T05:17:47.738Z] Platform:      darwin
[debug] [2024-04-07T05:17:47.738Z] Node Version:  v20.12.0
[debug] [2024-04-07T05:17:47.738Z] Time:          Sat Apr 06 2024 23:17:47 GMT-0600 (Central Standard Time)
[debug] [2024-04-07T05:17:47.738Z] ----------------------------------------------------------------------
[debug] 
[debug] [2024-04-07T05:17:47.742Z] > command requires scopes: ["email","openid","https://www.googleapis.com/auth/cloudplatformprojects.readonly","https://www.googleapis.com/auth/firebase","https://www.googleapis.com/auth/cloud-platform"]
[debug] [2024-04-07T05:17:47.742Z] > authorizing via signed-in user (monsealva31221@gmail.com)
[info] 
     ######## #### ########  ######## ########     ###     ######  ########
     ##        ##  ##     ## ##       ##     ##  ##   ##  ##       ##
     ######    ##  ########  ######   ########  #########  ######  ######
     ##        ##  ##    ##  ##       ##     ## ##     ##       ## ##
     ##       #### ##     ## ######## ########  ##     ##  ######  ########

You're about to initialize a Firebase project in this directory:

  /Users/monserratalvarezsequeira/mi_proyecto_web

[info] 
=== Project Setup
[info] 
[info] First, let's associate this project directory with a Firebase project.
[info] You can create multiple project aliases by running firebase use --add, 
[info] but for now we'll just set up a default project.
[info] 
[debug] [2024-04-07T05:20:02.989Z] >>> [apiv2][query] GET https://firebase.googleapis.com/v1beta1/projects pageSize=100
[debug] [2024-04-07T05:20:03.567Z] <<< [apiv2][status] GET https://firebase.googleapis.com/v1beta1/projects 200
[debug] [2024-04-07T05:20:03.567Z] <<< [apiv2][body] GET https://firebase.googleapis.com/v1beta1/projects [omitted]
[info] i  Using project salesai-67ae5 (SalesAI) 
[info] 
=== Hosting Setup
[debug] [2024-04-07T05:20:10.830Z] >>> [apiv2][query] GET https://firebase.googleapis.com/v1beta1/projects/salesai-67ae5 [none]
[debug] [2024-04-07T05:20:11.311Z] <<< [apiv2][status] GET https://firebase.googleapis.com/v1beta1/projects/salesai-67ae5 200
[debug] [2024-04-07T05:20:11.311Z] <<< [apiv2][body] GET https://firebase.googleapis.com/v1beta1/projects/salesai-67ae5 {"projectId":"salesai-67ae5","projectNumber":"465404911789","displayName":"SalesAI","name":"projects/salesai-67ae5","resources":{"hostingSite":"salesai-67ae5"},"state":"ACTIVE","etag":"1_997a5c1f-dc15-4e47-ae63-f1c00bf3a00b"}
[info] 
[info] Your public directory is the folder (relative to your project directory) that
[info] will contain Hosting assets to be uploaded with firebase deploy. If you
[info] have a build process for your assets, use your build's output directory.
[info] 
[debug] [2024-04-07T05:25:21.846Z] >>> [apiv2][query] GET https://www.gstatic.com/firebasejs/releases.json [none]
[debug] [2024-04-07T05:25:22.247Z] <<< [apiv2][status] GET https://www.gstatic.com/firebasejs/releases.json 200
[debug] [2024-04-07T05:25:22.247Z] <<< [apiv2][body] GET https://www.gstatic.com/firebasejs/releases.json {"current":{"version":"10.10.0","browserURL":"https://www.gstatic.com/firebasejs/10.10.0/firebase.js","packageURL":"https://www.gstatic.com/firebasejs/10.10.0/firebase.tgz"},"live":{"version":"10.10","browserURL":"https://www.gstatic.com/firebasejs/live/10.10/firebase.js","packageURL":"https://www.gstatic.com/firebasejs/live/10.10/firebase.tgz"},"components":{"analytics":"https://www.gstatic.com/firebasejs/10.10.0/firebase-analytics.js","app":"https://www.gstatic.com/firebasejs/10.10.0/firebase-app.js","app-check":"https://www.gstatic.com/firebasejs/10.10.0/firebase-app-check.js","auth":"https://www.gstatic.com/firebasejs/10.10.0/firebase-auth.js","auth/cordova":"https://www.gstatic.com/firebasejs/10.10.0/firebase-auth/cordova.js","auth/web-extension":"https://www.gstatic.com/firebasejs/10.10.0/firebase-auth/web-extension.js","functions":"https://www.gstatic.com/firebasejs/10.10.0/firebase-functions.js","firestore":"https://www.gstatic.com/firebasejs/10.10.0/firebase-firestore.js","firestore/lite":"https://www.gstatic.com/firebasejs/10.10.0/firebase-firestore/lite.js","installations":"https://www.gstatic.com/firebasejs/10.10.0/firebase-installations.js","storage":"https://www.gstatic.com/firebasejs/10.10.0/firebase-storage.js","performance":"https://www.gstatic.com/firebasejs/10.10.0/firebase-performance.js","remote-config":"https://www.gstatic.com/firebasejs/10.10.0/firebase-remote-config.js","messaging":"https://www.gstatic.com/firebasejs/10.10.0/firebase-messaging.js","messaging/sw":"https://www.gstatic.com/firebasejs/10.10.0/firebase-messaging/sw.js","database":"https://www.gstatic.com/firebasejs/10.10.0/firebase-database.js","firestore.memory":"https://www.gstatic.com/firebasejs/10.10.0/firebase-firestore.memory.js"}}
[info] ✔  Wrote public/index.html 
[info] 
[info] i  Didn't detect a .git folder. Assuming /Users/monserratalvarezsequeira/mi_proyecto_web is the project root. 
[info] i  Authorizing with GitHub to upload your service account to a GitHub repository's secrets store. 
[info] 
[info] Visit this URL on this device to log in:
[info] https://github.com/login/oauth/authorize?client_id=89cf50f02ac6aaed3484&state=600620211&redirect_uri=http%3A%2F%2Flocalhost%3A9005&scope=read%3Auser%20repo%20public_repo
[info] 
[info] Waiting for authentication...
[debug] [2024-04-07T05:28:16.030Z] >>> [apiv2][query] POST https://github.com/login/oauth/access_token [none]
[debug] [2024-04-07T05:28:16.030Z] >>> [apiv2][body] POST https://github.com/login/oauth/access_token [stream]
[debug] [2024-04-07T05:28:16.341Z] <<< [apiv2][status] POST https://github.com/login/oauth/access_token 200
[debug] [2024-04-07T05:28:16.341Z] <<< [apiv2][body] POST https://github.com/login/oauth/access_token {"access_token":"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","token_type":"bearer","scope":"read:user,repo"}
[debug] [2024-04-07T05:28:16.353Z] >>> [apiv2][query] GET https://api.github.com/user [none]
[debug] [2024-04-07T05:28:16.688Z] <<< [apiv2][status] GET https://api.github.com/user 200
[debug] [2024-04-07T05:28:16.688Z] <<< [apiv2][body] GET https://api.github.com/user {"login":"monsesequeira","id":137644193,"node_id":"U_kgDOCDRIoQ","avatar_url":"https://avatars.githubusercontent.com/u/137644193?v=4","gravatar_id":"","url":"https://api.github.com/users/monsesequeira","html_url":"https://github.com/monsesequeira","followers_url":"https://api.github.com/users/monsesequeira/followers","following_url":"https://api.github.com/users/monsesequeira/following{/other_user}","gists_url":"https://api.github.com/users/monsesequeira/gists{/gist_id}","starred_url":"https://api.github.com/users/monsesequeira/starred{/owner}{/repo}","subscriptions_url":"https://api.github.com/users/monsesequeira/subscriptions","organizations_url":"https://api.github.com/users/monsesequeira/orgs","repos_url":"https://api.github.com/users/monsesequeira/repos","events_url":"https://api.github.com/users/monsesequeira/events{/privacy}","received_events_url":"https://api.github.com/users/monsesequeira/received_events","type":"User","site_admin":false,"name":null,"company":null,"blog":"","location":null,"email":null,"hireable":null,"bio":null,"twitter_username":null,"public_repos":3,"public_gists":0,"followers":0,"following":0,"created_at":"2023-06-24T17:18:42Z","updated_at":"2024-01-09T04:25:50Z","private_gists":0,"total_private_repos":0,"owned_private_repos":0,"disk_usage":13310,"collaborators":0,"two_factor_authentication":true,"plan":{"name":"free","space":976562499,"collaborators":0,"private_repos":10000}}
[info] 
[info] ✔  Success! Logged into GitHub as monsesequeira 
[info] 
[debug] [2024-04-07T05:38:56.757Z] >>> [apiv2][query] GET https://api.github.com/repos/repository/actions/secrets/public-key type=owner
[debug] [2024-04-07T05:38:57.039Z] <<< [apiv2][status] GET https://api.github.com/repos/repository/actions/secrets/public-key 404
[debug] [2024-04-07T05:38:57.039Z] <<< [apiv2][body] GET https://api.github.com/repos/repository/actions/secrets/public-key {"message":"Not Found","documentation_url":"https://docs.github.com/rest"}
[info] 
[info] 
[error] ⚠  The provided authorization cannot be used with this repository. If this repository is in an organization, did you remember to grant access? 
[info] 
[info] i  Action required: Visit this URL to ensure access has been granted to the appropriate organization(s) for the Firebase CLI GitHub OAuth App: 
[info] https://github.com/settings/connections/applications/89cf50f02ac6aaed3484
[info] 
[debug] [2024-04-07T05:39:38.869Z] >>> [apiv2][query] GET https://api.github.com/repos/repository/actions/secrets/public-key type=owner
[debug] [2024-04-07T05:39:39.135Z] <<< [apiv2][status] GET https://api.github.com/repos/repository/actions/secrets/public-key 404
[debug] [2024-04-07T05:39:39.135Z] <<< [apiv2][body] GET https://api.github.com/repos/repository/actions/secrets/public-key {"message":"Not Found","documentation_url":"https://docs.github.com/rest"}
[info] 
[info] 
[error] ⚠  The provided authorization cannot be used with this repository. If this repository is in an organization, did you remember to grant access? 
[info] 
[info] i  Action required: Visit this URL to ensure access has been granted to the appropriate organization(s) for the Firebase CLI GitHub OAuth App: 
[info] https://github.com/settings/connections/applications/89cf50f02ac6aaed3484
[info] 
